2024-12-08 10:12:35,140 [INFO] Activator:176 - 


2024-12-08 10:12:35,142 [INFO] Activator:177 - !SESSION log4j initialized
2024-12-08 10:12:38,193 [INFO] LogOutputStream:77 - [STDOUT_REDIRECT] 
2024-12-08 10:12:40,825 [INFO] ApplicationProperties:184 - Using Application install path: C:\ST\STM32CubeIDE_1.12.1\STM32CubeIDE\plugins\com.st.stm32cube.common.mx_6.10.0.202311202037
2024-12-08 10:12:40,843 [INFO] DbMcusXml:78 - Set database path to: C:\ST\STM32CubeIDE_1.12.1\STM32CubeIDE\plugins\com.st.stm32cube.common.mx_6.10.0.202311202037\\db\/mcu/
2024-12-08 10:12:40,844 [INFO] ApiDb:274 - Set plugin database path to: C:\ST\STM32CubeIDE_1.12.1\STM32CubeIDE\plugins\com.st.stm32cube.common.mx_6.10.0.202311202037\\db\/plugins/boardmanager/
2024-12-08 10:12:40,845 [WARN] ApiDb:259 - Overriding images path with different value:  => C:\ST\STM32CubeIDE_1.12.1\STM32CubeIDE\plugins\com.st.stm32cube.common.mx_6.10.0.202311202037\\db\/plugins/mcufinder/images/
2024-12-08 10:12:40,857 [INFO] ApiDb:250 - Set database path to: C:\Users\Arksindia\.stmcufinder\plugins\mcufinder//mcu/
2024-12-08 10:12:40,859 [INFO] DbMcusAds:125 - Set database path to: C:\Users\Arksindia\.stmcufinder\plugins\mcufinder//mcu/
2024-12-08 10:12:40,861 [INFO] CrossReferenceDbSqlite:203 - Set database path to: C:\Users\Arksindia\.stmcufinder\plugins\mcufinder//mcu/cs/
2024-12-08 10:12:40,993 [INFO] RulesReader:64 - Compatibility file has been processed (297 Rules)
2024-12-08 10:12:41,089 [INFO] DbMcusXml:78 - Set database path to: C:\ST\STM32CubeIDE_1.12.1\STM32CubeIDE\plugins\com.st.stm32cube.common.mx_6.10.0.202311202037\\db\/mcu/
2024-12-08 10:12:41,089 [INFO] ApiDb:274 - Set plugin database path to: C:\ST\STM32CubeIDE_1.12.1\STM32CubeIDE\plugins\com.st.stm32cube.common.mx_6.10.0.202311202037\\db\/plugins/boardmanager/
2024-12-08 10:12:41,089 [INFO] ApiDb:261 - Set plugin images path to: C:\ST\STM32CubeIDE_1.12.1\STM32CubeIDE\plugins\com.st.stm32cube.common.mx_6.10.0.202311202037\\db\/plugins/mcufinder/images/
2024-12-08 10:12:41,089 [WARN] DbFile:41 - Overriding database path with different value: C:\Users\Arksindia\.stmcufinder\plugins\mcufinder/ => C:\Users\Arksindia\.stmcufinder\plugins\mcufinder
2024-12-08 10:12:41,089 [INFO] ApiDb:250 - Set database path to: C:\Users\Arksindia\.stmcufinder\plugins\mcufinder//mcu/
2024-12-08 10:12:41,089 [WARN] DbFile:41 - Overriding database path with different value: C:\Users\Arksindia\.stmcufinder\plugins\mcufinder/ => C:\Users\Arksindia\.stmcufinder\plugins\mcufinder
2024-12-08 10:12:41,089 [INFO] DbMcusAds:125 - Set database path to: C:\Users\Arksindia\.stmcufinder\plugins\mcufinder//mcu/
2024-12-08 10:12:41,089 [WARN] DbFile:41 - Overriding database path with different value: C:\Users\Arksindia\.stmcufinder\plugins\mcufinder/ => C:\Users\Arksindia\.stmcufinder\plugins\mcufinder
2024-12-08 10:12:41,090 [WARN] DbFile:41 - Overriding database path with different value: C:\Users\Arksindia\.stmcufinder\plugins\mcufinder/ => C:\Users\Arksindia\.stmcufinder\plugins\mcufinder
2024-12-08 10:12:41,090 [INFO] CrossReferenceDbSqlite:203 - Set database path to: C:\Users\Arksindia\.stmcufinder\plugins\mcufinder//mcu/cs/
2024-12-08 10:12:41,185 [INFO] MainPanel:264 - HeapMemory: 268435456
2024-12-08 10:12:41,268 [INFO] DbMcusXml:78 - Set database path to: C:\ST\STM32CubeIDE_1.12.1\STM32CubeIDE\plugins\com.st.stm32cube.common.mx_6.10.0.202311202037\\db\/mcu/
2024-12-08 10:12:41,268 [INFO] ApiDb:274 - Set plugin database path to: C:\ST\STM32CubeIDE_1.12.1\STM32CubeIDE\plugins\com.st.stm32cube.common.mx_6.10.0.202311202037\\db\/plugins/boardmanager/
2024-12-08 10:12:41,268 [INFO] ApiDb:261 - Set plugin images path to: C:\ST\STM32CubeIDE_1.12.1\STM32CubeIDE\plugins\com.st.stm32cube.common.mx_6.10.0.202311202037\\db\/plugins/mcufinder/images/
2024-12-08 10:12:41,269 [WARN] DbFile:41 - Overriding database path with different value: C:\Users\Arksindia\.stmcufinder\plugins\mcufinder/ => C:\Users\Arksindia\.stmcufinder\plugins\mcufinder
2024-12-08 10:12:41,269 [INFO] ApiDb:250 - Set database path to: C:\Users\Arksindia\.stmcufinder\plugins\mcufinder//mcu/
2024-12-08 10:12:41,269 [WARN] DbFile:41 - Overriding database path with different value: C:\Users\Arksindia\.stmcufinder\plugins\mcufinder/ => C:\Users\Arksindia\.stmcufinder\plugins\mcufinder
2024-12-08 10:12:41,269 [INFO] DbMcusAds:125 - Set database path to: C:\Users\Arksindia\.stmcufinder\plugins\mcufinder//mcu/
2024-12-08 10:12:41,269 [WARN] DbFile:41 - Overriding database path with different value: C:\Users\Arksindia\.stmcufinder\plugins\mcufinder/ => C:\Users\Arksindia\.stmcufinder\plugins\mcufinder
2024-12-08 10:12:41,269 [WARN] DbFile:41 - Overriding database path with different value: C:\Users\Arksindia\.stmcufinder\plugins\mcufinder/ => C:\Users\Arksindia\.stmcufinder\plugins\mcufinder
2024-12-08 10:12:41,269 [INFO] CrossReferenceDbSqlite:203 - Set database path to: C:\Users\Arksindia\.stmcufinder\plugins\mcufinder//mcu/cs/
2024-12-08 10:12:41,290 [INFO] ApplicationProperties:184 - Using Application install path: C:\ST\STM32CubeIDE_1.12.1\STM32CubeIDE\plugins\com.st.stm32cube.common.mx_6.10.0.202311202037
2024-12-08 10:12:41,291 [INFO] PluginManage:196 - Search for loadable plugins [exclusion list=, ]
2024-12-08 10:12:41,292 [INFO] PluginManage:310 - Check plugin analytics
2024-12-08 10:12:41,469 [INFO] AnalyticsPlugin:253 - Accepted Software Licenses: STM32CubeMX.6.9.0
2024-12-08 10:12:41,469 [INFO] AnalyticsPlugin:255 - Accepted CMSIS Pack Licenses: 
2024-12-08 10:12:41,469 [INFO] AnalyticsPlugin:257 - Accepted Firmware Licenses: FW.F4.1.27.0
2024-12-08 10:12:41,473 [INFO] PluginManage:359 - Loaded plugin analytics (category:tool,tabindex:-1)
2024-12-08 10:12:41,473 [INFO] PluginManage:310 - Check plugin cadmodel
2024-12-08 10:12:41,490 [INFO] CADModel:105 - Init CAD model plugin
2024-12-08 10:12:41,490 [INFO] PluginManage:359 - Loaded plugin cadmodel (category:power,tabindex:5)
2024-12-08 10:12:41,490 [INFO] PluginManage:310 - Check plugin clock
2024-12-08 10:12:41,513 [INFO] PluginManage:359 - Loaded plugin clock (category:base,tabindex:2)
2024-12-08 10:12:41,513 [INFO] PluginManage:310 - Check plugin ddr
2024-12-08 10:12:41,515 [INFO] PluginManage:359 - Loaded plugin ddr (category:tool,tabindex:6)
2024-12-08 10:12:41,515 [INFO] PluginManage:310 - Check plugin filemanager
2024-12-08 10:12:41,651 [INFO] PluginManage:359 - Loaded plugin filemanager (category:base,tabindex:10)
2024-12-08 10:12:41,651 [INFO] PluginManage:310 - Check plugin ipmanager
2024-12-08 10:12:41,658 [INFO] PluginManage:359 - Loaded plugin ipmanager (category:base,tabindex:5)
2024-12-08 10:12:41,658 [INFO] PluginManage:310 - Check plugin lpbam
2024-12-08 10:12:41,678 [INFO] PluginManage:359 - Loaded plugin lpbam (category:base,tabindex:0)
2024-12-08 10:12:41,679 [INFO] PluginManage:310 - Check plugin memorymap
2024-12-08 10:12:41,699 [INFO] PluginManage:359 - Loaded plugin memorymap (category:base,tabindex:4)
2024-12-08 10:12:41,699 [INFO] PluginManage:310 - Check plugin pinoutandconfiguration
2024-12-08 10:12:41,716 [INFO] PluginManage:359 - Loaded plugin pinoutandconfiguration (category:base,tabindex:1)
2024-12-08 10:12:41,716 [INFO] PluginManage:310 - Check plugin pinoutconfig
2024-12-08 10:12:41,802 [WARN] SupportedApi:132 - Cannot load RTOS API schema: s4s-elt-must-match.1: The content of 'definitions' must match (annotation?, (simpleType | complexType)?, (unique | key | keyref)*)). A problem was found starting at: attribute.
2024-12-08 10:12:41,918 [INFO] PluginManage:359 - Loaded plugin pinoutconfig (category:base,tabindex:0)
2024-12-08 10:12:41,918 [INFO] PluginManage:310 - Check plugin power
2024-12-08 10:12:41,938 [INFO] PluginManage:359 - Loaded plugin power (category:power,tabindex:4)
2024-12-08 10:12:41,939 [INFO] PluginManage:310 - Check plugin projectmanager
2024-12-08 10:12:41,954 [INFO] PluginManage:359 - Loaded plugin projectmanager (category:projectmanager,tabindex:3)
2024-12-08 10:12:41,954 [INFO] PluginManage:310 - Check plugin thirdparty
2024-12-08 10:12:42,243 [INFO] PluginManage:359 - Loaded plugin thirdparty (category:base,tabindex:-1)
2024-12-08 10:12:42,244 [INFO] PluginManage:310 - Check plugin tools
2024-12-08 10:12:42,243 [WARN] IntegrityCheckThread:84 - waiting for thirdparty lock release [integrity check]
2024-12-08 10:12:42,244 [INFO] IntegrityCheckThread:86 - entering critical section [integrity check]
2024-12-08 10:12:42,244 [INFO] ThirdPartyUpdaterWithRetryManager:70 - Updater plugin not ready yet. [1/15]
2024-12-08 10:12:42,283 [INFO] PluginManage:359 - Loaded plugin tools (category:base,tabindex:7)
2024-12-08 10:12:42,283 [INFO] PluginManage:310 - Check plugin tutovideos
2024-12-08 10:12:42,445 [INFO] PluginManage:359 - Loaded plugin tutovideos (category:base,tabindex:-1)
2024-12-08 10:12:42,445 [INFO] PluginManage:310 - Check plugin updater
2024-12-08 10:12:42,453 [INFO] PluginManage:359 - Loaded plugin updater (category:base,tabindex:12)
2024-12-08 10:12:42,453 [INFO] PluginManage:310 - Check plugin userauth
2024-12-08 10:12:42,457 [INFO] UserAuth:114 - Init User Auth plugin
2024-12-08 10:12:42,457 [INFO] PluginManage:359 - Loaded plugin userauth (category:base,tabindex:14)
2024-12-08 10:12:42,458 [INFO] PluginManage:283 - PluginManage : Loaded plugins [17]
2024-12-08 10:12:42,655 [INFO] PinOutPanel:1499 - setPackage(No Configuration,No Configuration)
2024-12-08 10:12:42,739 [INFO] CADModel:165 - CPN selected for project level
2024-12-08 10:12:42,739 [INFO] CADModel:114 - Register for checkConnection events
2024-12-08 10:12:42,771 [INFO] IPUIPlugin:80 - create IPUIPlugin
2024-12-08 10:12:42,772 [INFO] PluginManager:220 - loadIPPluginJar : add adc
2024-12-08 10:12:42,818 [INFO] IPUIPlugin:80 - create IPUIPlugin
2024-12-08 10:12:42,818 [INFO] PluginManager:220 - loadIPPluginJar : add aes
2024-12-08 10:12:42,873 [INFO] IPUIPlugin:80 - create IPUIPlugin
2024-12-08 10:12:42,873 [INFO] PluginManager:220 - loadIPPluginJar : add can
2024-12-08 10:12:42,906 [INFO] IPUIPlugin:80 - create IPUIPlugin
2024-12-08 10:12:42,906 [INFO] PluginManager:220 - loadIPPluginJar : add comp
2024-12-08 10:12:42,953 [INFO] IPUIPlugin:80 - create IPUIPlugin
2024-12-08 10:12:42,953 [INFO] PluginManager:220 - loadIPPluginJar : add cryp
2024-12-08 10:12:42,993 [INFO] IPUIPlugin:80 - create IPUIPlugin
2024-12-08 10:12:42,993 [INFO] PluginManager:220 - loadIPPluginJar : add dfsdm
2024-12-08 10:12:43,010 [INFO] IPUIPlugin:80 - create IPUIPlugin
2024-12-08 10:12:43,010 [INFO] PluginManager:220 - loadIPPluginJar : add dma
2024-12-08 10:12:43,067 [INFO] IPUIPlugin:80 - create IPUIPlugin
2024-12-08 10:12:43,067 [INFO] PluginManager:220 - loadIPPluginJar : add dma3
2024-12-08 10:12:43,090 [INFO] IPUIPlugin:80 - create IPUIPlugin
2024-12-08 10:12:43,090 [INFO] PluginManager:220 - loadIPPluginJar : add fatfs
2024-12-08 10:12:43,144 [INFO] IPUIPlugin:80 - create IPUIPlugin
2024-12-08 10:12:43,144 [INFO] PluginManager:220 - loadIPPluginJar : add fmc
2024-12-08 10:12:43,160 [INFO] IPUIPlugin:80 - create IPUIPlugin
2024-12-08 10:12:43,160 [INFO] PluginManager:220 - loadIPPluginJar : add freertos
2024-12-08 10:12:43,184 [INFO] IPUIPlugin:80 - create IPUIPlugin
2024-12-08 10:12:43,184 [INFO] PluginManager:220 - loadIPPluginJar : add genericplugin
2024-12-08 10:12:43,293 [INFO] IPUIPlugin:80 - create IPUIPlugin
2024-12-08 10:12:43,293 [INFO] PluginManager:220 - loadIPPluginJar : add gfxmmu
2024-12-08 10:12:43,444 [INFO] IPUIPlugin:80 - create IPUIPlugin
2024-12-08 10:12:43,444 [INFO] PluginManager:220 - loadIPPluginJar : add gic
2024-12-08 10:12:43,457 [INFO] IPUIPlugin:80 - create IPUIPlugin
2024-12-08 10:12:43,457 [INFO] PluginManager:220 - loadIPPluginJar : add gpio
2024-12-08 10:12:43,562 [INFO] IPUIPlugin:80 - create IPUIPlugin
2024-12-08 10:12:43,563 [INFO] PluginManager:220 - loadIPPluginJar : add gtzc
2024-12-08 10:12:43,598 [INFO] IPUIPlugin:80 - create IPUIPlugin
2024-12-08 10:12:43,599 [INFO] PluginManager:220 - loadIPPluginJar : add hash
2024-12-08 10:12:43,659 [INFO] IPUIPlugin:80 - create IPUIPlugin
2024-12-08 10:12:43,659 [INFO] PluginManager:220 - loadIPPluginJar : add i2c
2024-12-08 10:12:43,706 [INFO] IPUIPlugin:80 - create IPUIPlugin
2024-12-08 10:12:43,706 [INFO] PluginManager:220 - loadIPPluginJar : add i2s
2024-12-08 10:12:43,756 [INFO] IPUIPlugin:80 - create IPUIPlugin
2024-12-08 10:12:43,756 [INFO] PluginManager:220 - loadIPPluginJar : add i3c
2024-12-08 10:12:43,871 [INFO] IPUIPlugin:80 - create IPUIPlugin
2024-12-08 10:12:43,871 [INFO] PluginManager:220 - loadIPPluginJar : add ipddr
2024-12-08 10:12:43,975 [INFO] IPUIPlugin:80 - create IPUIPlugin
2024-12-08 10:12:43,975 [INFO] PluginManager:220 - loadIPPluginJar : add linkedlist
2024-12-08 10:12:44,017 [INFO] IPUIPlugin:80 - create IPUIPlugin
2024-12-08 10:12:44,017 [INFO] PluginManager:220 - loadIPPluginJar : add lorawan
2024-12-08 10:12:44,060 [INFO] IPUIPlugin:80 - create IPUIPlugin
2024-12-08 10:12:44,060 [INFO] PluginManager:220 - loadIPPluginJar : add ltdc
2024-12-08 10:12:44,076 [INFO] IPUIPlugin:80 - create IPUIPlugin
2024-12-08 10:12:44,076 [INFO] PluginManager:220 - loadIPPluginJar : add mdma
2024-12-08 10:12:44,090 [INFO] IPUIPlugin:80 - create IPUIPlugin
2024-12-08 10:12:44,090 [INFO] PluginManager:220 - loadIPPluginJar : add nvic
2024-12-08 10:12:44,146 [INFO] IPUIPlugin:80 - create IPUIPlugin
2024-12-08 10:12:44,146 [INFO] PluginManager:220 - loadIPPluginJar : add opamp
2024-12-08 10:12:44,283 [INFO] IPUIPlugin:80 - create IPUIPlugin
2024-12-08 10:12:44,283 [INFO] PluginManager:220 - loadIPPluginJar : add openamp
2024-12-08 10:12:44,353 [INFO] IPUIPlugin:80 - create IPUIPlugin
2024-12-08 10:12:44,353 [INFO] PluginManager:220 - loadIPPluginJar : add pdm2pcm
2024-12-08 10:12:44,370 [INFO] IPUIPlugin:80 - create IPUIPlugin
2024-12-08 10:12:44,372 [INFO] PluginManager:220 - loadIPPluginJar : add plateformsettings
2024-12-08 10:12:44,404 [INFO] IPUIPlugin:80 - create IPUIPlugin
2024-12-08 10:12:44,404 [INFO] PluginManager:220 - loadIPPluginJar : add quadspi
2024-12-08 10:12:44,419 [INFO] IPUIPlugin:80 - create IPUIPlugin
2024-12-08 10:12:44,419 [INFO] PluginManager:220 - loadIPPluginJar : add resmgrutility
2024-12-08 10:12:44,475 [INFO] IPUIPlugin:80 - create IPUIPlugin
2024-12-08 10:12:44,476 [INFO] PluginManager:220 - loadIPPluginJar : add sai
2024-12-08 10:12:44,519 [INFO] IPUIPlugin:80 - create IPUIPlugin
2024-12-08 10:12:44,519 [INFO] PluginManager:220 - loadIPPluginJar : add spi
2024-12-08 10:12:44,596 [INFO] IPUIPlugin:80 - create IPUIPlugin
2024-12-08 10:12:44,596 [INFO] PluginManager:220 - loadIPPluginJar : add stm32_wpan
2024-12-08 10:12:44,623 [INFO] IPUIPlugin:80 - create IPUIPlugin
2024-12-08 10:12:44,623 [INFO] PluginManager:220 - loadIPPluginJar : add tim
2024-12-08 10:12:44,685 [INFO] IPUIPlugin:80 - create IPUIPlugin
2024-12-08 10:12:44,685 [INFO] PluginManager:220 - loadIPPluginJar : add touchsensing
2024-12-08 10:12:44,711 [INFO] IPUIPlugin:80 - create IPUIPlugin
2024-12-08 10:12:44,711 [INFO] PluginManager:220 - loadIPPluginJar : add tracer_emb
2024-12-08 10:12:44,738 [INFO] IPUIPlugin:80 - create IPUIPlugin
2024-12-08 10:12:44,738 [INFO] PluginManager:220 - loadIPPluginJar : add ts
2024-12-08 10:12:44,763 [INFO] IPUIPlugin:80 - create IPUIPlugin
2024-12-08 10:12:44,763 [INFO] PluginManager:220 - loadIPPluginJar : add tsc
2024-12-08 10:12:44,788 [INFO] IPUIPlugin:80 - create IPUIPlugin
2024-12-08 10:12:44,788 [INFO] PluginManager:220 - loadIPPluginJar : add ucpd
2024-12-08 10:12:44,837 [INFO] IPUIPlugin:80 - create IPUIPlugin
2024-12-08 10:12:44,837 [INFO] PluginManager:220 - loadIPPluginJar : add usart
2024-12-08 10:12:44,885 [INFO] IPUIPlugin:80 - create IPUIPlugin
2024-12-08 10:12:44,885 [INFO] PluginManager:220 - loadIPPluginJar : add usbx
2024-12-08 10:12:45,014 [INFO] CADModel:165 - CPN selected for project level
2024-12-08 10:12:45,014 [INFO] CADModel:114 - Register for checkConnection events
2024-12-08 10:12:45,014 [FATAL] Updater:308 - Updater called before beeing initialized
2024-12-08 10:12:45,015 [ERROR] CADModel:125 - Updater not yet initialized, retry later 
2024-12-08 10:12:45,124 [INFO] CADModel:165 - CPN selected for project level
2024-12-08 10:12:45,124 [INFO] CADModel:114 - Register for checkConnection events
2024-12-08 10:12:45,124 [FATAL] Updater:308 - Updater called before beeing initialized
2024-12-08 10:12:45,124 [ERROR] CADModel:125 - Updater not yet initialized, retry later 
2024-12-08 10:12:45,127 [FATAL] Updater:308 - Updater called before beeing initialized
2024-12-08 10:12:45,234 [FATAL] Updater:308 - Updater called before beeing initialized
2024-12-08 10:12:45,246 [INFO] ThirdPartyUpdaterWithRetryManager:70 - Updater plugin not ready yet. [2/15]
2024-12-08 10:12:45,246 [INFO] DbMcusAds:53 - JSON generation date=Fri Sep 20 18:34:23 IST 2024 (1726837463113)
2024-12-08 10:12:45,246 [FATAL] Updater:308 - Updater called before beeing initialized
2024-12-08 10:12:45,304 [WARN] DetailPanel:346 - Failed to get advertising image, set to default
2024-12-08 10:12:45,403 [FATAL] Updater:308 - Updater called before beeing initialized
2024-12-08 10:12:45,404 [FATAL] Updater:308 - Updater called before beeing initialized
2024-12-08 10:12:45,404 [FATAL] Updater:308 - Updater called before beeing initialized
2024-12-08 10:12:45,404 [WARN] DetailPanel:346 - Failed to get advertising image, set to default
2024-12-08 10:12:45,405 [FATAL] Updater:308 - Updater called before beeing initialized
2024-12-08 10:12:45,460 [ERROR] Updater:1120 - MainUpdater not yet initialized. External WinMGr cannot be set.
2024-12-08 10:12:45,471 [INFO] Updater:1056 - Updater Version found : 6.10.0
2024-12-08 10:12:45,486 [INFO] ApplicationProperties:184 - Using Application install path: C:\ST\STM32CubeIDE_1.12.1\STM32CubeIDE\plugins\com.st.stm32cube.common.mx_6.10.0.202311202037
2024-12-08 10:12:45,598 [INFO] MainUpdater:526 - Copy updater definitions from MX database
2024-12-08 10:12:46,240 [INFO] MainUpdater:2873 - connection check result : 10
2024-12-08 10:12:46,240 [INFO] MainUpdater:3567 - Updater definition file requires update
2024-12-08 10:12:46,242 [INFO] MainUpdater:290 - Updater Check For Update Now.
2024-12-08 10:12:46,242 [INFO] MicroXplorer:498 - Change Database Version : DB.6.0.100
2024-12-08 10:12:46,263 [INFO] McuFinderGlobals:63 - Set McuFinder mode to 2 (CubeIDE integrated)
2024-12-08 10:12:46,274 [INFO] UserAuth:404 - Internet connection configuration mode: 1
2024-12-08 10:12:46,294 [INFO] JxBrowserEngine:152 - Initiate JxBrowser Engine with user profile folder
2024-12-08 10:12:48,204 [INFO] ServerAccessManage:473 - Download File updaters.zip
2024-12-08 10:12:48,247 [WARN] MainUpdater:1194 - Updater busy. Cannot search thirdparties
2024-12-08 10:12:48,247 [INFO] ThirdPartyUpdaterWithRetryManager:96 - Updater plugin is busy. [1/15]
2024-12-08 10:12:48,378 [INFO] FileExtend:240 - Unzip File : updaters.zip
2024-12-08 10:12:48,378 [INFO] FileExtend:255 - Standard Zip Deflate
2024-12-08 10:12:49,806 [INFO] ServerAccessManage:473 - Download File PacksControlFlags.xml
2024-12-08 10:12:50,835 [INFO] ServerAccessManage:473 - Download File cubemx.pidx
2024-12-08 10:12:50,957 [INFO] LoadServerUpdatesThread:375 - End of LoadServerUpdate Thread
2024-12-08 10:12:51,212 [INFO] CheckServerUpdateThread:120 - End of CheckServer Thread
2024-12-08 10:12:51,543 [WARN] PackLoader:240 - Cannot read IP mode file for STMicroelectronics.FP-SNS-MOTENVWB1.1.4.0
2024-12-08 10:12:51,566 [WARN] PackLoader:240 - Cannot read IP mode file for STMicroelectronics.FP-ATR-ASTRA1.2.0.1
2024-12-08 10:12:51,593 [WARN] PackLoader:240 - Cannot read IP mode file for STMicroelectronics.X-CUBE-SMBUS.2.1.0
2024-12-08 10:12:51,610 [WARN] PackLoader:240 - Cannot read IP mode file for STMicroelectronics.X-CUBE-WB05N.1.1.0
2024-12-08 10:12:51,629 [WARN] PackLoader:240 - Cannot read IP mode file for STMicroelectronics.X-CUBE-TOUCHGFX.4.23.0
2024-12-08 10:12:51,645 [WARN] PackLoader:240 - Cannot read IP mode file for STMicroelectronics.X-CUBE-TOUCHGFX.4.23.2
2024-12-08 10:12:51,689 [WARN] PackLoader:240 - Cannot read IP mode file for STMicroelectronics.X-CUBE-AZRTOS-F7.1.1.0
2024-12-08 10:12:51,712 [WARN] PackLoader:240 - Cannot read IP mode file for STMicroelectronics.FP-SNS-MOTENV1.4.3.2
2024-12-08 10:12:51,732 [WARN] PackLoader:240 - Cannot read IP mode file for STMicroelectronics.FP-SNS-FLIGHT1.5.0.1
2024-12-08 10:12:51,849 [WARN] PackLoader:240 - Cannot read IP mode file for STMicroelectronics.X-CUBE-MEMS1.11.0.0
2024-12-08 10:12:52,065 [WARN] PackLoader:240 - Cannot read IP mode file for STMicroelectronics.X-CUBE-BLE1.6.2.4
2024-12-08 10:12:52,091 [WARN] PackLoader:240 - Cannot read IP mode file for STMicroelectronics.FP-SNS-FLIGHT1.5.0.2
2024-12-08 10:12:52,128 [WARN] PackLoader:240 - Cannot read IP mode file for STMicroelectronics.X-CUBE-DISPLAY.3.0.0
2024-12-08 10:12:52,195 [WARN] PackLoader:240 - Cannot read IP mode file for STMicroelectronics.X-CUBE-BLE1.7.0.0
2024-12-08 10:12:52,226 [WARN] PackLoader:240 - Cannot read IP mode file for STMicroelectronics.X-CUBE-NFC10.1.0.0
2024-12-08 10:12:52,278 [WARN] PackLoader:240 - Cannot read IP mode file for STMicroelectronics.X-CUBE-BLEMGR.4.0.0
2024-12-08 10:12:52,318 [WARN] PackLoader:240 - Cannot read IP mode file for emotas.I-CUBE-CANOPEN.1.3.0
2024-12-08 10:12:52,346 [WARN] PackLoader:240 - Cannot read IP mode file for STMicroelectronics.X-CUBE-TOUCHGFX.4.22.0
2024-12-08 10:12:52,378 [WARN] PackLoader:240 - Cannot read IP mode file for STMicroelectronics.X-CUBE-BLEMGR.3.1.0
2024-12-08 10:12:52,406 [WARN] PackLoader:240 - Cannot read IP mode file for STMicroelectronics.FP-SNS-SMARTAG2.1.2.0
2024-12-08 10:12:52,439 [INFO] LogOutputStream:77 - [STDOUT_REDIRECT] 1 : Invalid condition id : UX_CORESTACK_Condition cause : null
2024-12-08 10:12:52,440 [INFO] LogOutputStream:77 - [STDOUT_REDIRECT] 1 : Invalid condition id : UX_CORESTACK_Condition cause : null
2024-12-08 10:12:52,442 [INFO] WebApp:161 - Instantiating new browser for Auth
2024-12-08 10:12:52,443 [INFO] LogOutputStream:77 - [STDOUT_REDIRECT] 1 : Invalid condition id : UX_CORESTACK_Condition cause : null
2024-12-08 10:12:52,447 [INFO] LogOutputStream:77 - [STDOUT_REDIRECT] 1 : Invalid condition id : UX_CORESTACK_Condition cause : null
2024-12-08 10:12:52,449 [INFO] LogOutputStream:77 - [STDOUT_REDIRECT] 1 : Invalid condition id : UX_CORESTACK_Condition cause : null
2024-12-08 10:12:52,460 [WARN] PackLoader:240 - Cannot read IP mode file for STMicroelectronics.X-CUBE-AZRTOS-WL.2.0.0
2024-12-08 10:12:52,499 [WARN] PackLoader:240 - Cannot read IP mode file for STMicroelectronics.FP-SNS-MOTENV1.5.0.0
2024-12-08 10:12:52,533 [WARN] PackLoader:240 - Cannot read IP mode file for wolfSSL.I-CUBE-wolfMQTT.1.19.0
2024-12-08 10:12:52,560 [WARN] PackLoader:240 - Cannot read IP mode file for WES.I-CUBE-Cesium.1.3.0
2024-12-08 10:12:52,589 [WARN] PackLoader:240 - Cannot read IP mode file for STMicroelectronics.X-CUBE-BLE2.3.3.0
2024-12-08 10:12:52,620 [WARN] PackLoader:240 - Cannot read IP mode file for STMicroelectronics.X-CUBE-NFC9.1.0.0
2024-12-08 10:12:52,647 [WARN] PackLoader:240 - Cannot read IP mode file for STMicroelectronics.X-CUBE-TCPP.4.1.0
2024-12-08 10:12:52,683 [WARN] PackLoader:240 - Cannot read IP mode file for STMicroelectronics.X-CUBE-ALGOBUILD.1.3.0
2024-12-08 10:12:52,721 [WARN] PackLoader:240 - Cannot read IP mode file for STMicroelectronics.X-CUBE-AZRTOS-G0.1.1.0
2024-12-08 10:12:52,747 [WARN] PackLoader:240 - Cannot read IP mode file for STMicroelectronics.X-CUBE-SAFEA1.1.2.2
2024-12-08 10:12:52,774 [WARN] PackLoader:240 - Cannot read IP mode file for STMicroelectronics.X-CUBE-NFC4.3.0.0
2024-12-08 10:12:52,790 [WARN] PackLoader:240 - Cannot read IP mode file for wolfSSL.I-CUBE-wolfMQTT.1.18.0
2024-12-08 10:12:52,815 [WARN] PackLoader:240 - Cannot read IP mode file for EmbeddedOffice.I-CUBE-FS-RTOS.1.0.1
2024-12-08 10:12:52,815 [ERROR] ConditionMgr:805 - Attr not supported : Dmpu
2024-12-08 10:12:52,815 [ERROR] ConditionMgr:805 - Attr not supported : Dmpu
2024-12-08 10:12:52,815 [ERROR] ConditionMgr:805 - Attr not supported : Dmpu
2024-12-08 10:12:52,816 [ERROR] ConditionMgr:805 - Attr not supported : Dmpu
2024-12-08 10:12:52,816 [ERROR] ConditionMgr:805 - Attr not supported : Dmpu
2024-12-08 10:12:52,816 [ERROR] ConditionMgr:805 - Attr not supported : Dmpu
2024-12-08 10:12:52,816 [ERROR] ConditionMgr:805 - Attr not supported : Dmpu
2024-12-08 10:12:52,816 [ERROR] ConditionMgr:805 - Attr not supported : Dmpu
2024-12-08 10:12:52,816 [ERROR] ConditionMgr:805 - Attr not supported : Dmpu
2024-12-08 10:12:52,816 [ERROR] ConditionMgr:805 - Attr not supported : Dmpu
2024-12-08 10:12:52,816 [ERROR] ConditionMgr:805 - Attr not supported : Dmpu
2024-12-08 10:12:52,816 [ERROR] ConditionMgr:805 - Attr not supported : Dmpu
2024-12-08 10:12:52,816 [ERROR] ConditionMgr:805 - Attr not supported : Dmpu
2024-12-08 10:12:52,816 [ERROR] ConditionMgr:805 - Attr not supported : Dmpu
2024-12-08 10:12:52,817 [ERROR] ConditionMgr:805 - Attr not supported : Dmpu
2024-12-08 10:12:52,817 [ERROR] ConditionMgr:805 - Attr not supported : Dmpu
2024-12-08 10:12:52,817 [ERROR] ConditionMgr:805 - Attr not supported : Dmpu
2024-12-08 10:12:52,817 [ERROR] ConditionMgr:805 - Attr not supported : Dmpu
2024-12-08 10:12:52,817 [ERROR] ConditionMgr:805 - Attr not supported : Dmpu
2024-12-08 10:12:52,817 [ERROR] ConditionMgr:805 - Attr not supported : Dmpu
2024-12-08 10:12:52,817 [ERROR] ConditionMgr:805 - Attr not supported : Dmpu
2024-12-08 10:12:52,817 [ERROR] ConditionMgr:805 - Attr not supported : Dmpu
2024-12-08 10:12:52,817 [ERROR] ConditionMgr:805 - Attr not supported : Dmpu
2024-12-08 10:12:52,817 [ERROR] ConditionMgr:805 - Attr not supported : Dmpu
2024-12-08 10:12:52,818 [ERROR] ConditionMgr:805 - Attr not supported : Dmpu
2024-12-08 10:12:52,818 [ERROR] ConditionMgr:805 - Attr not supported : Dmpu
2024-12-08 10:12:52,818 [ERROR] ConditionMgr:805 - Attr not supported : Dmpu
2024-12-08 10:12:52,818 [ERROR] ConditionMgr:805 - Attr not supported : Dmpu
2024-12-08 10:12:52,818 [ERROR] ConditionMgr:805 - Attr not supported : Dmpu
2024-12-08 10:12:52,818 [ERROR] ConditionMgr:805 - Attr not supported : Dmpu
2024-12-08 10:12:52,818 [ERROR] ConditionMgr:805 - Attr not supported : Dmpu
2024-12-08 10:12:52,818 [ERROR] ConditionMgr:805 - Attr not supported : Dmpu
2024-12-08 10:12:52,818 [ERROR] ConditionMgr:805 - Attr not supported : Dmpu
2024-12-08 10:12:52,818 [ERROR] ConditionMgr:805 - Attr not supported : Dmpu
2024-12-08 10:12:52,819 [ERROR] ConditionMgr:805 - Attr not supported : Dmpu
2024-12-08 10:12:52,819 [ERROR] ConditionMgr:805 - Attr not supported : Dmpu
2024-12-08 10:12:52,819 [ERROR] ConditionMgr:805 - Attr not supported : Dmpu
2024-12-08 10:12:52,819 [ERROR] ConditionMgr:805 - Attr not supported : Dmpu
2024-12-08 10:12:52,819 [ERROR] ConditionMgr:805 - Attr not supported : Dmpu
2024-12-08 10:12:52,819 [ERROR] ConditionMgr:805 - Attr not supported : Dmpu
2024-12-08 10:12:52,819 [ERROR] ConditionMgr:805 - Attr not supported : Dmpu
2024-12-08 10:12:52,820 [ERROR] ConditionMgr:805 - Attr not supported : Dmpu
2024-12-08 10:12:52,820 [ERROR] ConditionMgr:805 - Attr not supported : Dmpu
2024-12-08 10:12:52,820 [ERROR] ConditionMgr:805 - Attr not supported : Dmpu
2024-12-08 10:12:52,820 [ERROR] ConditionMgr:805 - Attr not supported : Dmpu
2024-12-08 10:12:52,820 [ERROR] ConditionMgr:805 - Attr not supported : Dmpu
2024-12-08 10:12:52,820 [ERROR] ConditionMgr:805 - Attr not supported : Dmpu
2024-12-08 10:12:52,820 [ERROR] ConditionMgr:805 - Attr not supported : Dmpu
2024-12-08 10:12:52,820 [ERROR] ConditionMgr:805 - Attr not supported : Dmpu
2024-12-08 10:12:52,820 [ERROR] ConditionMgr:805 - Attr not supported : Dmpu
2024-12-08 10:12:52,820 [ERROR] ConditionMgr:805 - Attr not supported : Dmpu
2024-12-08 10:12:52,821 [ERROR] ConditionMgr:805 - Attr not supported : Dmpu
2024-12-08 10:12:52,821 [ERROR] ConditionMgr:805 - Attr not supported : Dmpu
2024-12-08 10:12:52,821 [ERROR] ConditionMgr:805 - Attr not supported : Dmpu
2024-12-08 10:12:52,821 [ERROR] ConditionMgr:805 - Attr not supported : Dmpu
2024-12-08 10:12:52,821 [ERROR] ConditionMgr:805 - Attr not supported : Dmpu
2024-12-08 10:12:52,821 [ERROR] ConditionMgr:805 - Attr not supported : Dmpu
2024-12-08 10:12:52,821 [ERROR] ConditionMgr:805 - Attr not supported : Dmpu
2024-12-08 10:12:52,821 [ERROR] ConditionMgr:805 - Attr not supported : Dmpu
2024-12-08 10:12:52,821 [ERROR] ConditionMgr:805 - Attr not supported : Dmpu
2024-12-08 10:12:52,822 [ERROR] ConditionMgr:805 - Attr not supported : Dmpu
2024-12-08 10:12:52,822 [ERROR] ConditionMgr:805 - Attr not supported : Dmpu
2024-12-08 10:12:52,822 [ERROR] ConditionMgr:805 - Attr not supported : Dmpu
2024-12-08 10:12:52,822 [ERROR] ConditionMgr:805 - Attr not supported : Dmpu
2024-12-08 10:12:52,848 [WARN] PackLoader:240 - Cannot read IP mode file for STMicroelectronics.X-CUBE-BLEMGR.3.0.0
2024-12-08 10:12:52,871 [WARN] PackLoader:240 - Cannot read IP mode file for RealThread.X-CUBE-RT-Thread_Nano.4.1.1
2024-12-08 10:12:52,886 [WARN] PackLoader:240 - Cannot read IP mode file for STMicroelectronics.FP-ATR-SIGFOX1.3.2.0
2024-12-08 10:12:52,906 [WARN] ConditionMgr:438 - getConditionDescription Invalid condition id : Cortex-A Device cause : null
2024-12-08 10:12:52,933 [WARN] ConditionMgr:1039 - genDependencies : Invalid condition id : Cortex-A Device cause : null
2024-12-08 10:12:52,934 [WARN] ConditionMgr:1039 - genDependencies : Invalid condition id : Cortex-A Device cause : null
2024-12-08 10:12:52,934 [WARN] ConditionMgr:1039 - genDependencies : Invalid condition id : Cortex-A Device cause : null
2024-12-08 10:12:52,959 [WARN] PackLoader:240 - Cannot read IP mode file for STMicroelectronics.X-CUBE-EEPRMA1.5.1.0
2024-12-08 10:12:53,025 [WARN] PackLoader:240 - Cannot read IP mode file for SEGGER.I-CUBE-embOS.1.3.1
2024-12-08 10:12:53,098 [WARN] PackLoader:240 - Cannot read IP mode file for STMicroelectronics.X-CUBE-ALGOBUILD.1.4.0
2024-12-08 10:12:53,125 [WARN] PackLoader:240 - Cannot read IP mode file for STMicroelectronics.X-CUBE-AI.9.1.0
2024-12-08 10:12:53,158 [WARN] PackLoader:240 - Cannot read IP mode file for STMicroelectronics.X-CUBE-GNSS1.6.0.0
2024-12-08 10:12:53,213 [WARN] PackLoader:240 - Cannot read IP mode file for STMicroelectronics.X-CUBE-AZRTOS-F4.1.1.0
2024-12-08 10:12:53,242 [WARN] PackLoader:240 - Cannot read IP mode file for wolfSSL.I-CUBE-wolfSSL.5.6.0
2024-12-08 10:12:53,265 [WARN] PackLoader:240 - Cannot read IP mode file for STMicroelectronics.X-CUBE-ISPU.2.1.0
2024-12-08 10:12:53,288 [WARN] PackLoader:240 - Cannot read IP mode file for STMicroelectronics.X-CUBE-FREERTOS.1.2.0
2024-12-08 10:12:53,331 [WARN] PackLoader:240 - Cannot read IP mode file for STMicroelectronics.X-CUBE-AZRTOS-L5.2.0.0
2024-12-08 10:12:53,405 [INFO] WebApp:780 - Register for checkConnection events
2024-12-08 10:12:53,405 [INFO] WebApp:414 - Apply proxy settings
2024-12-08 10:12:53,405 [INFO] WebApp:499 - Chromium requires no authentication
2024-12-08 10:12:53,417 [WARN] PackLoader:240 - Cannot read IP mode file for STMicroelectronics.X-CUBE-MEMS1.9.6.0
2024-12-08 10:12:53,418 [INFO] WebApp:442 - Direct internet connection detected
2024-12-08 10:12:53,613 [WARN] PackLoader:240 - Cannot read IP mode file for STMicroelectronics.X-CUBE-EEPRMA1.4.2.0
2024-12-08 10:12:53,635 [WARN] PackLoader:240 - Cannot read IP mode file for STMicroelectronics.X-CUBE-NFC6.3.1.0
2024-12-08 10:12:53,658 [WARN] PackLoader:240 - Cannot read IP mode file for ITTIA_DB.I-CUBE-ITTIADB.8.8.0
2024-12-08 10:12:53,679 [WARN] PackLoader:240 - Cannot read IP mode file for STMicroelectronics.X-CUBE-BLEMGR.2.0.0
2024-12-08 10:12:53,705 [WARN] PackLoader:240 - Cannot read IP mode file for STMicroelectronics.X-CUBE-DPower.1.2.0
2024-12-08 10:12:53,719 [INFO] WebApp:192 - Starting web application
2024-12-08 10:12:53,720 [INFO] WebApp:544 - Web application path used C:\ST\STM32CubeIDE_1.12.1\STM32CubeIDE\plugins\com.st.stm32cube.common.mx_6.10.0.202311202037\db\plugins\mcufinder\reactClient1\index.html
2024-12-08 10:12:53,730 [WARN] PackLoader:240 - Cannot read IP mode file for STMicroelectronics.X-CUBE-AI.9.0.0
2024-12-08 10:12:53,771 [WARN] ConditionMgr:438 - getConditionDescription Invalid condition id : UX DEVICE CLASS RTOS Condition cause : null
2024-12-08 10:12:53,772 [WARN] ConditionMgr:438 - getConditionDescription Invalid condition id : UX DEVICE CLASS RTOS Condition cause : null
2024-12-08 10:12:53,776 [WARN] PackLoader:240 - Cannot read IP mode file for STMicroelectronics.X-CUBE-AZRTOS-H7.3.1.0
2024-12-08 10:12:53,778 [WARN] ConditionMgr:1039 - genDependencies : Invalid condition id : UX DEVICE CLASS RTOS Condition cause : null
2024-12-08 10:12:53,778 [WARN] ConditionMgr:1039 - genDependencies : Invalid condition id : UX DEVICE CLASS RTOS Condition cause : null
2024-12-08 10:12:53,779 [WARN] ConditionMgr:1039 - genDependencies : Invalid condition id : UX DEVICE CLASS RTOS Condition cause : null
2024-12-08 10:12:53,779 [WARN] ConditionMgr:1039 - genDependencies : Invalid condition id : UX DEVICE CLASS RTOS Condition cause : null
2024-12-08 10:12:53,779 [WARN] ConditionMgr:1039 - genDependencies : Invalid condition id : UX DEVICE CLASS RTOS Condition cause : null
2024-12-08 10:12:53,806 [WARN] PackLoader:240 - Cannot read IP mode file for STMicroelectronics.X-CUBE-NFC7.1.0.1
2024-12-08 10:12:53,829 [WARN] PackLoader:240 - Cannot read IP mode file for wolfSSL.I-CUBE-wolfTPM.3.2.0
2024-12-08 10:12:53,853 [WARN] PackLoader:240 - Cannot read IP mode file for STMicroelectronics.X-CUBE-NFC6.3.0.0
2024-12-08 10:12:53,873 [WARN] PackLoader:240 - Cannot read IP mode file for STMicroelectronics.X-CUBE-EEPRMA1.4.1.0
2024-12-08 10:12:53,896 [WARN] PackLoader:240 - Cannot read IP mode file for STMicroelectronics.X-CUBE-AI.8.1.0
2024-12-08 10:12:53,938 [WARN] ConditionMgr:438 - getConditionDescription Invalid condition id : LAN8742 Phy interface Condition cause : null
2024-12-08 10:12:53,939 [WARN] PackLoader:240 - Cannot read IP mode file for STMicroelectronics.X-CUBE-AZRTOS-L4.2.0.0
2024-12-08 10:12:53,940 [WARN] ConditionMgr:1039 - genDependencies : Invalid condition id : LAN8742 Phy interface Condition cause : null
2024-12-08 10:12:53,941 [WARN] ConditionMgr:1039 - genDependencies : Invalid condition id : LAN8742 Phy interface Condition cause : null
2024-12-08 10:12:53,941 [WARN] ConditionMgr:1039 - genDependencies : Invalid condition id : LAN8742 Phy interface Condition cause : null
2024-12-08 10:12:53,977 [WARN] PackLoader:240 - Cannot read IP mode file for STMicroelectronics.X-CUBE-SFXS2LP1.4.0.0
2024-12-08 10:12:54,003 [WARN] PackLoader:240 - Cannot read IP mode file for STMicroelectronics.X-CUBE-ISPU.1.1.0
2024-12-08 10:12:54,054 [WARN] PackLoader:240 - Cannot read IP mode file for STMicroelectronics.X-CUBE-AZRTOS-H7.3.3.0
2024-12-08 10:12:54,089 [WARN] PackLoader:240 - Cannot read IP mode file for STMicroelectronics.X-CUBE-IPS.3.0.0
2024-12-08 10:12:54,132 [WARN] ConditionMgr:438 - getConditionDescription Invalid condition id : UX DEVICE CLASS RTOS Condition cause : null
2024-12-08 10:12:54,132 [WARN] ConditionMgr:438 - getConditionDescription Invalid condition id : UX DEVICE CLASS RTOS Condition cause : null
2024-12-08 10:12:54,135 [WARN] PackLoader:240 - Cannot read IP mode file for STMicroelectronics.X-CUBE-AZRTOS-WB.2.0.0
2024-12-08 10:12:54,136 [WARN] ConditionMgr:1039 - genDependencies : Invalid condition id : UX DEVICE CLASS RTOS Condition cause : null
2024-12-08 10:12:54,136 [WARN] ConditionMgr:1039 - genDependencies : Invalid condition id : UX DEVICE CLASS RTOS Condition cause : null
2024-12-08 10:12:54,137 [WARN] ConditionMgr:1039 - genDependencies : Invalid condition id : UX DEVICE CLASS RTOS Condition cause : null
2024-12-08 10:12:54,137 [WARN] ConditionMgr:1039 - genDependencies : Invalid condition id : UX DEVICE CLASS RTOS Condition cause : null
2024-12-08 10:12:54,137 [WARN] ConditionMgr:1039 - genDependencies : Invalid condition id : UX DEVICE CLASS RTOS Condition cause : null
2024-12-08 10:12:54,164 [WARN] PackLoader:240 - Cannot read IP mode file for STMicroelectronics.X-CUBE-FREERTOS.1.0.1
2024-12-08 10:12:54,193 [WARN] PackLoader:240 - Cannot read IP mode file for STMicroelectronics.X-CUBE-GNSS1.7.0.0
2024-12-08 10:12:54,223 [WARN] PackLoader:240 - Cannot read IP mode file for STMicroelectronics.FP-SNS-STBOX1.2.0.0
2024-12-08 10:12:54,275 [WARN] PackLoader:240 - Cannot read IP mode file for STMicroelectronics.X-CUBE-AZRTOS-L5.1.1.0
2024-12-08 10:12:54,302 [WARN] PackLoader:240 - Cannot read IP mode file for STMicroelectronics.X-CUBE-AI.8.0.1
2024-12-08 10:12:54,334 [WARN] PackLoader:240 - Cannot read IP mode file for STMicroelectronics.X-CUBE-SUBG2.5.0.0
2024-12-08 10:12:54,369 [WARN] PackLoader:240 - Cannot read IP mode file for STMicroelectronics.X-CUBE-TOF1.3.3.1
2024-12-08 10:12:54,421 [WARN] PackLoader:240 - Cannot read IP mode file for STMicroelectronics.X-CUBE-AZRTOS-G4.2.0.0
2024-12-08 10:12:54,467 [WARN] PackLoader:240 - Cannot read IP mode file for STMicroelectronics.X-CUBE-TOF1.3.3.0
2024-12-08 10:12:54,538 [WARN] PackLoader:240 - Cannot read IP mode file for Infineon.AIROC-Wi-Fi-Bluetooth-STM32.1.5.1
2024-12-08 10:12:54,570 [WARN] PackLoader:240 - Cannot read IP mode file for STMicroelectronics.FP-SNS-MOTENVWB1.1.3.1
2024-12-08 10:12:54,596 [WARN] PackLoader:240 - Cannot read IP mode file for STMicroelectronics.X-CUBE-ISPU.2.0.0
2024-12-08 10:12:54,620 [WARN] PackLoader:240 - Cannot read IP mode file for STMicroelectronics.X-CUBE-ALS.1.0.2
2024-12-08 10:12:54,701 [WARN] PackLoader:240 - Cannot read IP mode file for STMicroelectronics.X-CUBE-MEMS1.10.0.0
2024-12-08 10:12:54,834 [WARN] PackLoader:240 - Cannot read IP mode file for STMicroelectronics.X-CUBE-FREERTOS.1.1.0
2024-12-08 10:12:54,856 [WARN] PackLoader:240 - Cannot read IP mode file for STMicroelectronics.X-CUBE-TOUCHGFX.4.24.0
2024-12-08 10:12:54,876 [WARN] PackLoader:240 - Cannot read IP mode file for STMicroelectronics.X-CUBE-TOUCHGFX.4.24.1
2024-12-08 10:12:54,896 [WARN] PackLoader:240 - Cannot read IP mode file for portGmbH.I-Cube-SoM-uGOAL.1.1.0
2024-12-08 10:12:54,913 [WARN] PackLoader:240 - Cannot read IP mode file for STMicroelectronics.X-CUBE-ALS.1.0.1
2024-12-08 10:12:54,942 [WARN] PackLoader:240 - Cannot read IP mode file for STMicroelectronics.X-CUBE-AZRTOS-WB.1.1.0
2024-12-08 10:12:54,973 [WARN] PackLoader:240 - Cannot read IP mode file for STMicroelectronics.X-CUBE-AZRTOS-H7RS.1.0.0
2024-12-08 10:12:54,991 [WARN] PackLoader:240 - Cannot read IP mode file for STMicroelectronics.FP-ATR-ASTRA1.2.0.0
2024-12-08 10:12:55,016 [WARN] PackLoader:240 - Cannot read IP mode file for STMicroelectronics.X-CUBE-TOF1.3.4.2
2024-12-08 10:12:55,058 [WARN] PackLoader:240 - Cannot read IP mode file for STMicroelectronics.X-CUBE-TOF1.3.4.0
2024-12-08 10:12:55,088 [WARN] PackLoader:240 - Cannot read IP mode file for STMicroelectronics.X-CUBE-TOF1.3.4.1
2024-12-08 10:12:55,131 [WARN] PackLoader:240 - Cannot read IP mode file for STMicroelectronics.X-CUBE-AZRTOS-H7.3.2.0
2024-12-08 10:12:55,156 [WARN] PackLoader:240 - Cannot read IP mode file for wolfSSL.I-CUBE-wolfSSH.1.4.17
2024-12-08 10:12:55,157 [INFO] ThirdParty:978 - Integrity check success = true
2024-12-08 10:12:55,157 [INFO] IntegrityCheckThread:100 - exiting critical section [integrity check]
2024-12-08 10:12:55,157 [INFO] IntegrityCheckThread:103 - End integrity checks thread
2024-12-08 10:13:14,803 [ERROR] LogOutputStream:75 - [STDERR_REDIRECT] SLF4J: Failed to load class "org.slf4j.impl.StaticLoggerBinder".
2024-12-08 10:13:14,803 [ERROR] LogOutputStream:75 - [STDERR_REDIRECT] SLF4J: Defaulting to no-operation (NOP) logger implementation
2024-12-08 10:13:14,805 [ERROR] LogOutputStream:75 - [STDERR_REDIRECT] SLF4J: See http://www.slf4j.org/codes.html#StaticLoggerBinder for further details.
